{"C:\\Users\\ddsth\\Desktop\\Deakin\\AskAny\\src\\app.js": {"path":"C:\\Users\\ddsth\\Desktop\\Deakin\\AskAny\\src\\app.js","statementMap":{"0":{"start":{"line":1,"column":16},"end":{"line":1,"column":34}},"1":{"start":{"line":2,"column":12},"end":{"line":2,"column":21}},"2":{"start":{"line":4,"column":0},"end":{"line":4,"column":23}},"3":{"start":{"line":6,"column":19},"end":{"line":6,"column":43}},"4":{"start":{"line":7,"column":19},"end":{"line":7,"column":44}},"5":{"start":{"line":9,"column":0},"end":{"line":9,"column":32}},"6":{"start":{"line":10,"column":0},"end":{"line":10,"column":33}},"7":{"start":{"line":13,"column":0},"end":{"line":19,"column":2}},"8":{"start":{"line":14,"column":4},"end":{"line":18,"column":6}},"9":{"start":{"line":22,"column":0},"end":{"line":27,"column":2}},"10":{"start":{"line":23,"column":4},"end":{"line":26,"column":6}},"11":{"start":{"line":29,"column":0},"end":{"line":29,"column":20}}},"fnMap":{"0":{"name":"(anonymous_0)","decl":{"start":{"line":13,"column":19},"end":{"line":13,"column":20}},"loc":{"start":{"line":13,"column":33},"end":{"line":19,"column":1}},"line":13},"1":{"name":"(anonymous_1)","decl":{"start":{"line":22,"column":13},"end":{"line":22,"column":14}},"loc":{"start":{"line":22,"column":27},"end":{"line":27,"column":1}},"line":22}},"branchMap":{},"s":{"0":3,"1":3,"2":3,"3":3,"4":3,"5":3,"6":3,"7":3,"8":1,"9":3,"10":0,"11":3},"f":{"0":1,"1":0},"b":{},"_coverageSchema":"1a1c01bbd47fc00a2c39e90264f33305004495a9","hash":"5380d61b1b581bade4269175d0e0cf78949cddb1"}
,"C:\\Users\\ddsth\\Desktop\\Deakin\\AskAny\\src\\db.js": {"path":"C:\\Users\\ddsth\\Desktop\\Deakin\\AskAny\\src\\db.js","statementMap":{"0":{"start":{"line":3,"column":14},"end":{"line":82,"column":1}},"1":{"start":{"line":12,"column":21},"end":{"line":17,"column":9}},"2":{"start":{"line":18,"column":8},"end":{"line":18,"column":29}},"3":{"start":{"line":19,"column":8},"end":{"line":19,"column":19}},"4":{"start":{"line":23,"column":8},"end":{"line":23,"column":68}},"5":{"start":{"line":23,"column":36},"end":{"line":23,"column":59}},"6":{"start":{"line":27,"column":8},"end":{"line":27,"column":56}},"7":{"start":{"line":27,"column":36},"end":{"line":27,"column":47}},"8":{"start":{"line":31,"column":21},"end":{"line":37,"column":9}},"9":{"start":{"line":38,"column":8},"end":{"line":38,"column":29}},"10":{"start":{"line":39,"column":8},"end":{"line":39,"column":19}},"11":{"start":{"line":44,"column":8},"end":{"line":47,"column":21}},"12":{"start":{"line":44,"column":36},"end":{"line":47,"column":9}},"13":{"start":{"line":51,"column":21},"end":{"line":51,"column":62}},"14":{"start":{"line":51,"column":42},"end":{"line":51,"column":53}},"15":{"start":{"line":52,"column":8},"end":{"line":52,"column":30}},"16":{"start":{"line":52,"column":19},"end":{"line":52,"column":30}},"17":{"start":{"line":53,"column":8},"end":{"line":53,"column":79}},"18":{"start":{"line":57,"column":21},"end":{"line":57,"column":54}},"19":{"start":{"line":57,"column":42},"end":{"line":57,"column":53}},"20":{"start":{"line":58,"column":8},"end":{"line":58,"column":30}},"21":{"start":{"line":58,"column":19},"end":{"line":58,"column":30}},"22":{"start":{"line":59,"column":8},"end":{"line":59,"column":37}},"23":{"start":{"line":59,"column":19},"end":{"line":59,"column":37}},"24":{"start":{"line":60,"column":8},"end":{"line":60,"column":34}},"25":{"start":{"line":60,"column":18},"end":{"line":60,"column":34}},"26":{"start":{"line":61,"column":8},"end":{"line":61,"column":19}},"27":{"start":{"line":65,"column":22},"end":{"line":65,"column":60}},"28":{"start":{"line":65,"column":48},"end":{"line":65,"column":59}},"29":{"start":{"line":66,"column":8},"end":{"line":66,"column":38}},"30":{"start":{"line":66,"column":26},"end":{"line":66,"column":38}},"31":{"start":{"line":67,"column":8},"end":{"line":67,"column":35}},"32":{"start":{"line":69,"column":8},"end":{"line":69,"column":67}},"33":{"start":{"line":69,"column":50},"end":{"line":69,"column":66}},"34":{"start":{"line":70,"column":8},"end":{"line":70,"column":19}},"35":{"start":{"line":75,"column":8},"end":{"line":75,"column":23}},"36":{"start":{"line":76,"column":8},"end":{"line":76,"column":23}},"37":{"start":{"line":77,"column":8},"end":{"line":77,"column":26}},"38":{"start":{"line":78,"column":8},"end":{"line":78,"column":24}},"39":{"start":{"line":79,"column":8},"end":{"line":79,"column":24}},"40":{"start":{"line":80,"column":8},"end":{"line":80,"column":27}},"41":{"start":{"line":84,"column":0},"end":{"line":84,"column":22}}},"fnMap":{"0":{"name":"(anonymous_0)","decl":{"start":{"line":11,"column":4},"end":{"line":11,"column":5}},"loc":{"start":{"line":11,"column":35},"end":{"line":20,"column":5}},"line":11},"1":{"name":"(anonymous_1)","decl":{"start":{"line":22,"column":4},"end":{"line":22,"column":5}},"loc":{"start":{"line":22,"column":33},"end":{"line":24,"column":5}},"line":22},"2":{"name":"(anonymous_2)","decl":{"start":{"line":23,"column":31},"end":{"line":23,"column":32}},"loc":{"start":{"line":23,"column":36},"end":{"line":23,"column":59}},"line":23},"3":{"name":"(anonymous_3)","decl":{"start":{"line":26,"column":4},"end":{"line":26,"column":5}},"loc":{"start":{"line":26,"column":21},"end":{"line":28,"column":5}},"line":26},"4":{"name":"(anonymous_4)","decl":{"start":{"line":27,"column":31},"end":{"line":27,"column":32}},"loc":{"start":{"line":27,"column":36},"end":{"line":27,"column":47}},"line":27},"5":{"name":"(anonymous_5)","decl":{"start":{"line":30,"column":4},"end":{"line":30,"column":5}},"loc":{"start":{"line":30,"column":36},"end":{"line":40,"column":5}},"line":30},"6":{"name":"(anonymous_6)","decl":{"start":{"line":42,"column":4},"end":{"line":42,"column":5}},"loc":{"start":{"line":42,"column":18},"end":{"line":48,"column":5}},"line":42},"7":{"name":"(anonymous_7)","decl":{"start":{"line":44,"column":30},"end":{"line":44,"column":31}},"loc":{"start":{"line":44,"column":36},"end":{"line":47,"column":9}},"line":44},"8":{"name":"(anonymous_8)","decl":{"start":{"line":50,"column":4},"end":{"line":50,"column":5}},"loc":{"start":{"line":50,"column":21},"end":{"line":54,"column":5}},"line":50},"9":{"name":"(anonymous_9)","decl":{"start":{"line":51,"column":37},"end":{"line":51,"column":38}},"loc":{"start":{"line":51,"column":42},"end":{"line":51,"column":53}},"line":51},"10":{"name":"(anonymous_10)","decl":{"start":{"line":56,"column":4},"end":{"line":56,"column":5}},"loc":{"start":{"line":56,"column":32},"end":{"line":62,"column":5}},"line":56},"11":{"name":"(anonymous_11)","decl":{"start":{"line":57,"column":37},"end":{"line":57,"column":38}},"loc":{"start":{"line":57,"column":42},"end":{"line":57,"column":53}},"line":57},"12":{"name":"(anonymous_12)","decl":{"start":{"line":64,"column":4},"end":{"line":64,"column":5}},"loc":{"start":{"line":64,"column":19},"end":{"line":71,"column":5}},"line":64},"13":{"name":"(anonymous_13)","decl":{"start":{"line":65,"column":43},"end":{"line":65,"column":44}},"loc":{"start":{"line":65,"column":48},"end":{"line":65,"column":59}},"line":65},"14":{"name":"(anonymous_14)","decl":{"start":{"line":69,"column":45},"end":{"line":69,"column":46}},"loc":{"start":{"line":69,"column":50},"end":{"line":69,"column":66}},"line":69},"15":{"name":"(anonymous_15)","decl":{"start":{"line":74,"column":4},"end":{"line":74,"column":5}},"loc":{"start":{"line":74,"column":12},"end":{"line":81,"column":5}},"line":74}},"branchMap":{"0":{"loc":{"start":{"line":23,"column":15},"end":{"line":23,"column":68}},"type":"binary-expr","locations":[{"start":{"line":23,"column":15},"end":{"line":23,"column":60}},{"start":{"line":23,"column":64},"end":{"line":23,"column":68}}],"line":23},"1":{"loc":{"start":{"line":27,"column":15},"end":{"line":27,"column":56}},"type":"binary-expr","locations":[{"start":{"line":27,"column":15},"end":{"line":27,"column":48}},{"start":{"line":27,"column":52},"end":{"line":27,"column":56}}],"line":27},"2":{"loc":{"start":{"line":51,"column":21},"end":{"line":51,"column":62}},"type":"binary-expr","locations":[{"start":{"line":51,"column":21},"end":{"line":51,"column":54}},{"start":{"line":51,"column":58},"end":{"line":51,"column":62}}],"line":51},"3":{"loc":{"start":{"line":52,"column":8},"end":{"line":52,"column":30}},"type":"if","locations":[{"start":{"line":52,"column":8},"end":{"line":52,"column":30}},{"start":{},"end":{}}],"line":52},"4":{"loc":{"start":{"line":58,"column":8},"end":{"line":58,"column":30}},"type":"if","locations":[{"start":{"line":58,"column":8},"end":{"line":58,"column":30}},{"start":{},"end":{}}],"line":58},"5":{"loc":{"start":{"line":59,"column":8},"end":{"line":59,"column":37}},"type":"if","locations":[{"start":{"line":59,"column":8},"end":{"line":59,"column":37}},{"start":{},"end":{}}],"line":59},"6":{"loc":{"start":{"line":60,"column":8},"end":{"line":60,"column":34}},"type":"if","locations":[{"start":{"line":60,"column":8},"end":{"line":60,"column":34}},{"start":{},"end":{}}],"line":60},"7":{"loc":{"start":{"line":66,"column":8},"end":{"line":66,"column":38}},"type":"if","locations":[{"start":{"line":66,"column":8},"end":{"line":66,"column":38}},{"start":{},"end":{}}],"line":66}},"s":{"0":3,"1":14,"2":14,"3":14,"4":27,"5":15,"6":4,"7":4,"8":5,"9":5,"10":5,"11":1,"12":0,"13":5,"14":4,"15":5,"16":1,"17":4,"18":1,"19":1,"20":1,"21":0,"22":1,"23":1,"24":1,"25":0,"26":1,"27":1,"28":1,"29":1,"30":0,"31":1,"32":1,"33":0,"34":1,"35":15,"36":15,"37":15,"38":15,"39":15,"40":15,"41":3},"f":{"0":14,"1":27,"2":15,"3":4,"4":4,"5":5,"6":1,"7":0,"8":5,"9":4,"10":1,"11":1,"12":1,"13":1,"14":0,"15":15},"b":{"0":[27,14],"1":[4,0],"2":[5,1],"3":[1,4],"4":[0,1],"5":[1,0],"6":[0,1],"7":[0,1]},"_coverageSchema":"1a1c01bbd47fc00a2c39e90264f33305004495a9","hash":"254eabf97caf5c39bcbf57f9f57b4e475a16cd34"}
,"C:\\Users\\ddsth\\Desktop\\Deakin\\AskAny\\src\\middleware\\auth.js": {"path":"C:\\Users\\ddsth\\Desktop\\Deakin\\AskAny\\src\\middleware\\auth.js","statementMap":{"0":{"start":{"line":1,"column":12},"end":{"line":1,"column":35}},"1":{"start":{"line":3,"column":15},"end":{"line":3,"column":60}},"2":{"start":{"line":7,"column":0},"end":{"line":22,"column":1}},"3":{"start":{"line":8,"column":19},"end":{"line":8,"column":47}},"4":{"start":{"line":10,"column":4},"end":{"line":12,"column":5}},"5":{"start":{"line":11,"column":8},"end":{"line":11,"column":67}},"6":{"start":{"line":14,"column":18},"end":{"line":14,"column":38}},"7":{"start":{"line":16,"column":4},"end":{"line":21,"column":5}},"8":{"start":{"line":17,"column":8},"end":{"line":17,"column":44}},"9":{"start":{"line":18,"column":8},"end":{"line":18,"column":14}},"10":{"start":{"line":20,"column":8},"end":{"line":20,"column":56}}},"fnMap":{"0":{"name":"(anonymous_0)","decl":{"start":{"line":7,"column":17},"end":{"line":7,"column":18}},"loc":{"start":{"line":7,"column":37},"end":{"line":22,"column":1}},"line":7}},"branchMap":{"0":{"loc":{"start":{"line":3,"column":15},"end":{"line":3,"column":60}},"type":"binary-expr","locations":[{"start":{"line":3,"column":15},"end":{"line":3,"column":37}},{"start":{"line":3,"column":41},"end":{"line":3,"column":60}}],"line":3},"1":{"loc":{"start":{"line":10,"column":4},"end":{"line":12,"column":5}},"type":"if","locations":[{"start":{"line":10,"column":4},"end":{"line":12,"column":5}},{"start":{},"end":{}}],"line":10}},"s":{"0":3,"1":3,"2":3,"3":10,"4":10,"5":1,"6":9,"7":9,"8":9,"9":9,"10":0},"f":{"0":10},"b":{"0":[3,3],"1":[1,9]},"_coverageSchema":"1a1c01bbd47fc00a2c39e90264f33305004495a9","hash":"dd4c5aee8c6583b068eeb67c35184b61e27b7c21"}
,"C:\\Users\\ddsth\\Desktop\\Deakin\\AskAny\\src\\routes\\auth.js": {"path":"C:\\Users\\ddsth\\Desktop\\Deakin\\AskAny\\src\\routes\\auth.js","statementMap":{"0":{"start":{"line":1,"column":16},"end":{"line":1,"column":34}},"1":{"start":{"line":2,"column":15},"end":{"line":2,"column":31}},"2":{"start":{"line":3,"column":15},"end":{"line":3,"column":34}},"3":{"start":{"line":4,"column":12},"end":{"line":4,"column":35}},"4":{"start":{"line":5,"column":11},"end":{"line":5,"column":27}},"5":{"start":{"line":7,"column":15},"end":{"line":7,"column":60}},"6":{"start":{"line":10,"column":0},"end":{"line":26,"column":2}},"7":{"start":{"line":11,"column":35},"end":{"line":11,"column":43}},"8":{"start":{"line":13,"column":4},"end":{"line":15,"column":5}},"9":{"start":{"line":14,"column":8},"end":{"line":14,"column":80}},"10":{"start":{"line":17,"column":21},"end":{"line":17,"column":52}},"11":{"start":{"line":18,"column":4},"end":{"line":20,"column":5}},"12":{"start":{"line":19,"column":8},"end":{"line":19,"column":73}},"13":{"start":{"line":22,"column":19},"end":{"line":22,"column":48}},"14":{"start":{"line":23,"column":17},"end":{"line":23,"column":48}},"15":{"start":{"line":25,"column":4},"end":{"line":25,"column":73}},"16":{"start":{"line":29,"column":0},"end":{"line":45,"column":2}},"17":{"start":{"line":30,"column":35},"end":{"line":30,"column":43}},"18":{"start":{"line":32,"column":17},"end":{"line":32,"column":48}},"19":{"start":{"line":34,"column":4},"end":{"line":36,"column":5}},"20":{"start":{"line":35,"column":8},"end":{"line":35,"column":69}},"21":{"start":{"line":38,"column":18},"end":{"line":42,"column":5}},"22":{"start":{"line":44,"column":4},"end":{"line":44,"column":23}},"23":{"start":{"line":47,"column":0},"end":{"line":47,"column":23}}},"fnMap":{"0":{"name":"(anonymous_0)","decl":{"start":{"line":10,"column":25},"end":{"line":10,"column":26}},"loc":{"start":{"line":10,"column":39},"end":{"line":26,"column":1}},"line":10},"1":{"name":"(anonymous_1)","decl":{"start":{"line":29,"column":22},"end":{"line":29,"column":23}},"loc":{"start":{"line":29,"column":36},"end":{"line":45,"column":1}},"line":29}},"branchMap":{"0":{"loc":{"start":{"line":7,"column":15},"end":{"line":7,"column":60}},"type":"binary-expr","locations":[{"start":{"line":7,"column":15},"end":{"line":7,"column":37}},{"start":{"line":7,"column":41},"end":{"line":7,"column":60}}],"line":7},"1":{"loc":{"start":{"line":13,"column":4},"end":{"line":15,"column":5}},"type":"if","locations":[{"start":{"line":13,"column":4},"end":{"line":15,"column":5}},{"start":{},"end":{}}],"line":13},"2":{"loc":{"start":{"line":13,"column":8},"end":{"line":13,"column":30}},"type":"binary-expr","locations":[{"start":{"line":13,"column":8},"end":{"line":13,"column":17}},{"start":{"line":13,"column":21},"end":{"line":13,"column":30}}],"line":13},"3":{"loc":{"start":{"line":18,"column":4},"end":{"line":20,"column":5}},"type":"if","locations":[{"start":{"line":18,"column":4},"end":{"line":20,"column":5}},{"start":{},"end":{}}],"line":18},"4":{"loc":{"start":{"line":34,"column":4},"end":{"line":36,"column":5}},"type":"if","locations":[{"start":{"line":34,"column":4},"end":{"line":36,"column":5}},{"start":{},"end":{}}],"line":34},"5":{"loc":{"start":{"line":34,"column":8},"end":{"line":34,"column":61}},"type":"binary-expr","locations":[{"start":{"line":34,"column":8},"end":{"line":34,"column":13}},{"start":{"line":34,"column":17},"end":{"line":34,"column":61}}],"line":34}},"s":{"0":3,"1":3,"2":3,"3":3,"4":3,"5":3,"6":3,"7":16,"8":16,"9":1,"10":15,"11":15,"12":1,"13":14,"14":14,"15":14,"16":3,"17":12,"18":12,"19":12,"20":1,"21":11,"22":11,"23":3},"f":{"0":16,"1":12},"b":{"0":[3,3],"1":[1,15],"2":[16,15],"3":[1,14],"4":[1,11],"5":[12,12]},"_coverageSchema":"1a1c01bbd47fc00a2c39e90264f33305004495a9","hash":"99840f87db42f359280106d1a80c40b9a43e141d"}
,"C:\\Users\\ddsth\\Desktop\\Deakin\\AskAny\\src\\routes\\posts.js": {"path":"C:\\Users\\ddsth\\Desktop\\Deakin\\AskAny\\src\\routes\\posts.js","statementMap":{"0":{"start":{"line":1,"column":16},"end":{"line":1,"column":34}},"1":{"start":{"line":2,"column":15},"end":{"line":2,"column":31}},"2":{"start":{"line":3,"column":11},"end":{"line":3,"column":27}},"3":{"start":{"line":4,"column":23},"end":{"line":4,"column":52}},"4":{"start":{"line":7,"column":0},"end":{"line":9,"column":2}},"5":{"start":{"line":8,"column":4},"end":{"line":8,"column":30}},"6":{"start":{"line":12,"column":0},"end":{"line":16,"column":2}},"7":{"start":{"line":13,"column":17},"end":{"line":13,"column":57}},"8":{"start":{"line":14,"column":4},"end":{"line":14,"column":71}},"9":{"start":{"line":14,"column":15},"end":{"line":14,"column":71}},"10":{"start":{"line":15,"column":4},"end":{"line":15,"column":18}},"11":{"start":{"line":19,"column":0},"end":{"line":26,"column":2}},"12":{"start":{"line":20,"column":28},"end":{"line":20,"column":36}},"13":{"start":{"line":21,"column":4},"end":{"line":23,"column":5}},"14":{"start":{"line":22,"column":8},"end":{"line":22,"column":73}},"15":{"start":{"line":24,"column":17},"end":{"line":24,"column":56}},"16":{"start":{"line":25,"column":4},"end":{"line":25,"column":70}},"17":{"start":{"line":29,"column":0},"end":{"line":37,"column":2}},"18":{"start":{"line":30,"column":17},"end":{"line":30,"column":57}},"19":{"start":{"line":31,"column":4},"end":{"line":31,"column":71}},"20":{"start":{"line":31,"column":15},"end":{"line":31,"column":71}},"21":{"start":{"line":32,"column":4},"end":{"line":34,"column":5}},"22":{"start":{"line":33,"column":8},"end":{"line":33,"column":82}},"23":{"start":{"line":35,"column":4},"end":{"line":35,"column":73}},"24":{"start":{"line":36,"column":4},"end":{"line":36,"column":41}},"25":{"start":{"line":40,"column":0},"end":{"line":48,"column":2}},"26":{"start":{"line":41,"column":17},"end":{"line":41,"column":57}},"27":{"start":{"line":42,"column":4},"end":{"line":42,"column":71}},"28":{"start":{"line":42,"column":15},"end":{"line":42,"column":71}},"29":{"start":{"line":43,"column":4},"end":{"line":45,"column":5}},"30":{"start":{"line":44,"column":8},"end":{"line":44,"column":84}},"31":{"start":{"line":46,"column":4},"end":{"line":46,"column":42}},"32":{"start":{"line":47,"column":4},"end":{"line":47,"column":41}},"33":{"start":{"line":50,"column":0},"end":{"line":50,"column":23}}},"fnMap":{"0":{"name":"(anonymous_0)","decl":{"start":{"line":7,"column":16},"end":{"line":7,"column":17}},"loc":{"start":{"line":7,"column":30},"end":{"line":9,"column":1}},"line":7},"1":{"name":"(anonymous_1)","decl":{"start":{"line":12,"column":19},"end":{"line":12,"column":20}},"loc":{"start":{"line":12,"column":33},"end":{"line":16,"column":1}},"line":12},"2":{"name":"(anonymous_2)","decl":{"start":{"line":19,"column":33},"end":{"line":19,"column":34}},"loc":{"start":{"line":19,"column":47},"end":{"line":26,"column":1}},"line":19},"3":{"name":"(anonymous_3)","decl":{"start":{"line":29,"column":35},"end":{"line":29,"column":36}},"loc":{"start":{"line":29,"column":49},"end":{"line":37,"column":1}},"line":29},"4":{"name":"(anonymous_4)","decl":{"start":{"line":40,"column":38},"end":{"line":40,"column":39}},"loc":{"start":{"line":40,"column":52},"end":{"line":48,"column":1}},"line":40}},"branchMap":{"0":{"loc":{"start":{"line":14,"column":4},"end":{"line":14,"column":71}},"type":"if","locations":[{"start":{"line":14,"column":4},"end":{"line":14,"column":71}},{"start":{},"end":{}}],"line":14},"1":{"loc":{"start":{"line":21,"column":4},"end":{"line":23,"column":5}},"type":"if","locations":[{"start":{"line":21,"column":4},"end":{"line":23,"column":5}},{"start":{},"end":{}}],"line":21},"2":{"loc":{"start":{"line":21,"column":8},"end":{"line":21,"column":23}},"type":"binary-expr","locations":[{"start":{"line":21,"column":8},"end":{"line":21,"column":14}},{"start":{"line":21,"column":18},"end":{"line":21,"column":23}}],"line":21},"3":{"loc":{"start":{"line":31,"column":4},"end":{"line":31,"column":71}},"type":"if","locations":[{"start":{"line":31,"column":4},"end":{"line":31,"column":71}},{"start":{},"end":{}}],"line":31},"4":{"loc":{"start":{"line":32,"column":4},"end":{"line":34,"column":5}},"type":"if","locations":[{"start":{"line":32,"column":4},"end":{"line":34,"column":5}},{"start":{},"end":{}}],"line":32},"5":{"loc":{"start":{"line":42,"column":4},"end":{"line":42,"column":71}},"type":"if","locations":[{"start":{"line":42,"column":4},"end":{"line":42,"column":71}},{"start":{},"end":{}}],"line":42},"6":{"loc":{"start":{"line":43,"column":4},"end":{"line":45,"column":5}},"type":"if","locations":[{"start":{"line":43,"column":4},"end":{"line":45,"column":5}},{"start":{},"end":{}}],"line":43}},"s":{"0":3,"1":3,"2":3,"3":3,"4":3,"5":1,"6":3,"7":2,"8":2,"9":1,"10":1,"11":3,"12":6,"13":6,"14":1,"15":5,"16":5,"17":3,"18":1,"19":1,"20":0,"21":1,"22":0,"23":1,"24":1,"25":3,"26":2,"27":2,"28":0,"29":2,"30":1,"31":1,"32":1,"33":3},"f":{"0":1,"1":2,"2":6,"3":1,"4":2},"b":{"0":[1,1],"1":[1,5],"2":[6,5],"3":[0,1],"4":[0,1],"5":[0,2],"6":[1,1]},"_coverageSchema":"1a1c01bbd47fc00a2c39e90264f33305004495a9","hash":"3df00112a1bb5c64eb1d0f07af8cf7bffca30f0a"}
}
