TN:
SF:src\app.js
FN:13,(anonymous_0)
FN:22,(anonymous_1)
FNF:2
FNH:1
FNDA:1,(anonymous_0)
FNDA:0,(anonymous_1)
DA:1,3
DA:2,3
DA:4,3
DA:6,3
DA:7,3
DA:9,3
DA:10,3
DA:13,3
DA:14,1
DA:22,3
DA:23,0
DA:29,3
LF:12
LH:11
BRF:0
BRH:0
end_of_record
TN:
SF:src\db.js
FN:11,(anonymous_0)
FN:22,(anonymous_1)
FN:23,(anonymous_2)
FN:26,(anonymous_3)
FN:27,(anonymous_4)
FN:30,(anonymous_5)
FN:42,(anonymous_6)
FN:44,(anonymous_7)
FN:50,(anonymous_8)
FN:51,(anonymous_9)
FN:56,(anonymous_10)
FN:57,(anonymous_11)
FN:64,(anonymous_12)
FN:65,(anonymous_13)
FN:69,(anonymous_14)
FN:74,(anonymous_15)
FNF:16
FNH:14
FNDA:14,(anonymous_0)
FNDA:27,(anonymous_1)
FNDA:15,(anonymous_2)
FNDA:4,(anonymous_3)
FNDA:4,(anonymous_4)
FNDA:5,(anonymous_5)
FNDA:1,(anonymous_6)
FNDA:0,(anonymous_7)
FNDA:5,(anonymous_8)
FNDA:4,(anonymous_9)
FNDA:1,(anonymous_10)
FNDA:1,(anonymous_11)
FNDA:1,(anonymous_12)
FNDA:1,(anonymous_13)
FNDA:0,(anonymous_14)
FNDA:15,(anonymous_15)
DA:3,3
DA:12,14
DA:18,14
DA:19,14
DA:23,27
DA:27,4
DA:31,5
DA:38,5
DA:39,5
DA:44,1
DA:51,5
DA:52,5
DA:53,4
DA:57,1
DA:58,1
DA:59,1
DA:60,1
DA:61,1
DA:65,1
DA:66,1
DA:67,1
DA:69,1
DA:70,1
DA:75,15
DA:76,15
DA:77,15
DA:78,15
DA:79,15
DA:80,15
DA:84,3
LF:30
LH:30
BRDA:23,0,0,27
BRDA:23,0,1,14
BRDA:27,1,0,4
BRDA:27,1,1,0
BRDA:51,2,0,5
BRDA:51,2,1,1
BRDA:52,3,0,1
BRDA:52,3,1,4
BRDA:58,4,0,0
BRDA:58,4,1,1
BRDA:59,5,0,1
BRDA:59,5,1,0
BRDA:60,6,0,0
BRDA:60,6,1,1
BRDA:66,7,0,0
BRDA:66,7,1,1
BRF:16
BRH:11
end_of_record
TN:
SF:src\middleware\auth.js
FN:7,(anonymous_0)
FNF:1
FNH:1
FNDA:10,(anonymous_0)
DA:1,3
DA:3,3
DA:7,3
DA:8,10
DA:10,10
DA:11,1
DA:14,9
DA:16,9
DA:17,9
DA:18,9
DA:20,0
LF:11
LH:10
BRDA:3,0,0,3
BRDA:3,0,1,3
BRDA:10,1,0,1
BRDA:10,1,1,9
BRF:4
BRH:4
end_of_record
TN:
SF:src\routes\auth.js
FN:10,(anonymous_0)
FN:29,(anonymous_1)
FNF:2
FNH:2
FNDA:16,(anonymous_0)
FNDA:12,(anonymous_1)
DA:1,3
DA:2,3
DA:3,3
DA:4,3
DA:5,3
DA:7,3
DA:10,3
DA:11,16
DA:13,16
DA:14,1
DA:17,15
DA:18,15
DA:19,1
DA:22,14
DA:23,14
DA:25,14
DA:29,3
DA:30,12
DA:32,12
DA:34,12
DA:35,1
DA:38,11
DA:44,11
DA:47,3
LF:24
LH:24
BRDA:7,0,0,3
BRDA:7,0,1,3
BRDA:13,1,0,1
BRDA:13,1,1,15
BRDA:13,2,0,16
BRDA:13,2,1,15
BRDA:18,3,0,1
BRDA:18,3,1,14
BRDA:34,4,0,1
BRDA:34,4,1,11
BRDA:34,5,0,12
BRDA:34,5,1,12
BRF:12
BRH:12
end_of_record
TN:
SF:src\routes\posts.js
FN:7,(anonymous_0)
FN:12,(anonymous_1)
FN:19,(anonymous_2)
FN:29,(anonymous_3)
FN:40,(anonymous_4)
FNF:5
FNH:5
FNDA:1,(anonymous_0)
FNDA:2,(anonymous_1)
FNDA:6,(anonymous_2)
FNDA:1,(anonymous_3)
FNDA:2,(anonymous_4)
DA:1,3
DA:2,3
DA:3,3
DA:4,3
DA:7,3
DA:8,1
DA:12,3
DA:13,2
DA:14,2
DA:15,1
DA:19,3
DA:20,6
DA:21,6
DA:22,1
DA:24,5
DA:25,5
DA:29,3
DA:30,1
DA:31,1
DA:32,1
DA:33,0
DA:35,1
DA:36,1
DA:40,3
DA:41,2
DA:42,2
DA:43,2
DA:44,1
DA:46,1
DA:47,1
DA:50,3
LF:31
LH:30
BRDA:14,0,0,1
BRDA:14,0,1,1
BRDA:21,1,0,1
BRDA:21,1,1,5
BRDA:21,2,0,6
BRDA:21,2,1,5
BRDA:31,3,0,0
BRDA:31,3,1,1
BRDA:32,4,0,0
BRDA:32,4,1,1
BRDA:42,5,0,0
BRDA:42,5,1,2
BRDA:43,6,0,1
BRDA:43,6,1,1
BRF:14
BRH:11
end_of_record
